"blank"			"=========================="
"blank"			"XHUD GENERAL BINDS"
"blank"			"=========================="
"ds_prefix _;ds_record"	"Record Demo: No Prefix"
"ds_prefix official;ds_record;say_team Recording Demo (Xhud)"	"Record Demo: 'Official' Prefix"
"stop"			"Stop Demo"
"record fix;stop;ds_record"	"Invisible Player Fix: Restart Demo"
"record fix;stop"	"Invisible Player Fix: Stop Demo"
"+mf"			"Null-Canceling Forward"
"+mb"			"Null-Canceling Back"
"+ml"			"Null-Canceling Left"
"+mr"			"Null-Canceling Right"
"+sb"			"Scoreboard Netgraph"
"toggle r_drawviewmodel"	"Toggle Viewmodel"
"explode"		"Suicide"
"blank"			"=========================="
"blank"			"XHUD CLASS BINDS"
"blank"			"=========================="
"destroy 2;build 2"	"ENGINEER: Rebuild Sentry"
"destroy 0;build 0"	"ENGINEER: Rebuild Dispenser"
"destroy 1;build 1"	"ENGINEER: Rebuild Tele Entrance"
"destroy 3;build 3"	"ENGINEER: Rebuild Tele Exit"
"eureka_teleport 0"	"ENGINEER: Eureka Effect To Spawn"
"eureka_teleport 1"	"ENGINEER: Eureka Effect To Tele Exit"
"+ac"			"MEDIC: Show Nearby Teammates"
"voicemenu 2 3;say_team ÜBER MASKED"	"MEDIC: Mask Über"
"voicemenu 1 7;say_team ÜBER FAKED"		"MEDIC: Fake Über"
"disguise 8 -2"	"SPY: Remove Disguise"
"disguise 1 -1"	"SPY: Disguise As Scout"
"disguise 3 -1"	"SPY: Disguise As Soldier"
"disguise 7 -1"	"SPY: Disguise As Pyro"
"disguise 4 -1"	"SPY: Disguise As Demoman"
"disguise 6 -1"	"SPY: Disguise As Heavy"
"disguise 9 -1"	"SPY: Disguise As Engineer"
"disguise 5 -1"	"SPY: Disguise As Medic"
"disguise 2 -1"	"SPY: Disguise As Sniper"
"disguise 8 -1"	"SPY: Disguise As Spy"
"join_class Scout"		"Switch Class: Scout"
"join_class Soldier"	"Switch Class: Soldier"
"join_class Pyro"		"Switch Class: Pyro"
"join_class Demoman"	"Switch Class: Demoman"
"join_class Heavy"		"Switch Class: Heavy"
"join_class Engineer"	"Switch Class: Engineer"
"join_class Medic"		"Switch Class: Medic"
"join_class Sniper"		"Switch Class: Sniper"
"join_class Spy"		"Switch Class: Spy"
"blank"			"=========================="
"blank"			"#Valve_Movement_Title"
"blank"			"=========================="
"+forward"		"#Valve_Move_Forward"
"+back"			"#Valve_Move_Back"
"+moveleft"		"#Valve_Move_Left"
"+moveright"	"#Valve_Move_Right"
"+jump"			"#Valve_Jump"
"+duck"			"#Valve_Duck"
"+moveup"		"#Valve_Swim_Up"
"+movedown"		"#Valve_Swim_Down"
"+lookup"		"#Valve_Look_Up"
"+lookdown"		"#Valve_Look_Down"
"blank"			"=========================="
"blank"			"#Valve_Communication_Title"
"blank"			"=========================="
"+voicerecord"	"#Valve_Use_Voice_Communication"
"say"			"#Valve_Chat_Message"
"say_team"		"#Valve_Team_Message"
"voice_menu_1"	"#TF_Voice_Menu_A"
"voice_menu_2"	"#TF_Voice_Menu_B"
"voice_menu_3"	"#TF_Voice_Menu_C"
"+helpme"		"#TF_Call_For_Help"
"blank"			"=========================="
"blank"			"#TF_Title"
"blank"			"=========================="
"changeclass"	"#Valve_Change_Class"
"changeteam"	"#Valve_Change_Team"
"open_charinfo_direct" "#TF_Open_Charinfo"
"open_charinfo_backpack" "#TF_Open_Charinfo_Backpack"
"show_quest_log" "#TF_Show_Quest_Log"
"show_matchmaking" "#TF_Matchmaking_Show"
"+quickswitch"	"#TF_Quickswitch"
"load_itempreset 0"	"#TF_LoadPreset0"
"load_itempreset 1"	"#TF_LoadPreset1"
"load_itempreset 2"	"#TF_LoadPreset2"
"load_itempreset 3"	"#TF_LoadPreset3"
"dropitem"		"#TF_DropFlag"
"+taunt"		"#TF_Taunt"
"+use_action_slot_item"	"#TF_Action"
"+context_action"	"#TF_Context_Action"
"showmapinfo"	"#TF_MapInfo"
"+inspect"		"#TF_Inspect"
"callvote"		"#TF_call_vote"
"player_ready_toggle"	"#TF_Player_ReadyToggle"
"blank"			"=========================="
"blank"			"#TF_ClassSpecific_Keys"
"blank"			"=========================="
"+attack2"		"#TF_ClassSkill_Demoman"
"+attack2"		"#TF_ClassSkill_Heavy"
"+attack2"		"#TF_ClassSkill_Medic"
"+attack2"		"#TF_ClassSkill_Sniper"
"+attack2"		"#TF_ClassSkill_Spy"
"lastdisguise"	"#TF_ClassSkill_Spy_LastDisguise"
"disguiseteam"	"#TF_ClassSkill_Spy_DisguiseTeam"
"blank"			"=========================="
"blank"			"#Valve_Combat_Title"
"blank"			"=========================="
"+attack"		"#Valve_Primary_Attack"
"+attack2"		"#Valve_Secondary_Attack"
"+attack3"		"#TF_Special_Attack"
"+reload"		"#Valve_Reload_Weapon"
"invprev"		"#Valve_Previous_Weapon"
"invnext"		"#Valve_Next_Weapon"
"lastinv"		"#Valve_Last_Weapon_Used"
"slot1"			"#Valve_Weapon_Category_1"
"slot2"			"#Valve_Weapon_Category_2"
"slot3" 		"#Valve_Weapon_Category_3"
"slot4"			"#Valve_Weapon_Category_4"
"slot5"			"#Valve_Weapon_Category_5"
"slot6"			"#Valve_Weapon_Category_6"
"slot7"			"#Valve_Weapon_Category_7"
"slot8"			"#Valve_Weapon_Category_8"
"slot9"			"#Valve_Weapon_Category_9"
"slot10"		"#Valve_Weapon_Category_0"
"blank"			"=========================="
"blank"			"#Valve_Miscellaneous_Title"
"blank"			"=========================="
"impulse 201"	"#Valve_Spray_Logo"
"+showscores"	"#Valve_Display_Scores"
"screenshot"	"#Valve_Take_Screen_Shot"
"save_replay"	"#Replay_SaveReplay"
"abuse_report_queue"			"#AbuseReport_QueueCommandName"
"quit"			"#Valve_Quit_Game"
"toggleconsole"	"#Valve_Console_Toggle"
"askconnect_accept"	"#Valve_Accept_Redirect"
"cl_trigger_first_notification" "#TF_Notification_Trigger"
"cl_decline_first_notification" "#TF_Notification_Decline"